Flutter crash report.
Please report a bug at https://github.com/flutter/flutter/issues.

## command

flutter run --machine --start-paused -d emulator-5554 --dart-define=flutter.inspector.structuredErrors=true --web-allow-expose-url --devtools-server-address http://127.0.0.1:9100/ --target lib\main.dart

## exception

NoSuchMethodError: NoSuchMethodError: The method 'contains' was called on null.
Receiver: null
Tried calling: contains("ext.flutter.activeDevToolsServerAddress")

```
#0      Object.noSuchMethod (dart:core-patch/object_patch.dart:54:5)
#1      waitForExtension (package:flutter_tools/src/resident_runner.dart:1483:31)
<asynchronous suspension>
#2      ResidentRunner._callDevToolsUriExtension (package:flutter_tools/src/resident_runner.dart:1302:5)
<asynchronous suspension>
#3      Future.wait.<anonymous closure> (dart:async/future.dart)
<asynchronous suspension>
#4      ResidentRunner.maybeCallDevToolsUriServiceExtension (package:flutter_tools/src/resident_runner.dart:1291:7)
<asynchronous suspension>
```

## flutter doctor

```
[✓] Flutter (Channel stable, 2.0.1, on Microsoft Windows [Version 10.0.19041.1415], locale fa-IR)
    • Flutter version 2.0.1 at C:\src\flutter\flutter
    • Framework revision c5a4b4029c (11 months ago), 2021-03-04 09:47:48 -0800
    • Engine revision 40441def69
    • Dart version 2.12.0

[!] Android toolchain - develop for Android devices (Android SDK version 30.0.3)
    • Android SDK at C:\Users\Reza-PC\AppData\Local\Android\sdk
    • Platform android-31, build-tools 30.0.3
    • Java binary at: C:\Program Files\Java\jdk-15.0.1\bin\java
    • Java version Java(TM) SE Runtime Environment (build 15.0.1+9-18)
    ✗ Android license status unknown.
      Run `flutter doctor --android-licenses` to accept the SDK licenses.
      See https://flutter.dev/docs/get-started/install/windows#android-setup for more details.

[✓] Chrome - develop for the web
    • Chrome at C:\Program Files (x86)\Google\Chrome\Application\chrome.exe

[!] Android Studio (version 4.1.0)
    • Android Studio at C:\Program Files\Android\Android Studio
    • Flutter plugin can be installed from:
      🔨 https://plugins.jetbrains.com/plugin/9212-flutter
    • Dart plugin can be installed from:
      🔨 https://plugins.jetbrains.com/plugin/6351-dart
    ✗ Unable to find bundled Java version.
    • Try updating or re-installing Android Studio.

[✓] IntelliJ IDEA Community Edition (version 2020.3)
    • IntelliJ at C:\Program Files\JetBrains\IntelliJ IDEA Community Edition 2020.3.1
    • Flutter plugin can be installed from:
      🔨 https://plugins.jetbrains.com/plugin/9212-flutter
    • Dart plugin can be installed from:
      🔨 https://plugins.jetbrains.com/plugin/6351-dart

[✓] VS Code (version 1.64.0)
    • VS Code at C:\Users\Reza-PC\AppData\Local\Programs\Microsoft VS Code
    • Flutter extension version 3.34.0

[✓] VS Code, 64-bit edition (version 1.52.1)
    • VS Code at C:\Program Files\Microsoft VS Code
    • Flutter extension version 3.34.0

[✓] Connected device (3 available)
    • Android SDK built for x86 (mobile) • emulator-5554 • android-x86    • Android 10 (API 29) (emulator)
    • Chrome (web)                       • chrome        • web-javascript • Google Chrome 97.0.4692.99
    • Edge (web)                         • edge          • web-javascript • Microsoft Edge 98.0.1108.43

! Doctor found issues in 2 categories.
```
